Сборка начата 26.12.2016 22:49:50.
     1>Проект "C:\Users\Dmitry\documents\visual studio 2013\Projects\ApiHookMake\ApiHookMake\ApiHookMake.vcxproj" в узле 2 (целевые объекты Build).
     1>ClCompile:
         C:\Program Files (x86)\Microsoft Visual Studio 12.0\VC\bin\CL.exe /c /ZI /nologo /W3 /WX- /Od /Oy- /D WIN32 /D _DEBUG /D _CONSOLE /D _LIB /D _UNICODE /D UNICODE /Gm /EHsc /RTC1 /MDd /GS /fp:precise /Zc:wchar_t /Zc:forScope /Fo"Debug\\" /Fd"Debug\vc120.pdb" /Gd /TP /analyze- /errorReport:prompt ApiHookMake.cpp
         ApiHookMake.cpp
     1>c:\users\dmitry\documents\visual studio 2013\projects\apihookmake\apihookmake\apihookmake.cpp(62): warning C4996: 'fscanf': This function or variable may be unsafe. Consider using fscanf_s instead. To disable deprecation, use _CRT_SECURE_NO_WARNINGS. See online help for details.
                 c:\program files (x86)\microsoft visual studio 12.0\vc\include\stdio.h(230): см. объявление "fscanf"
     1>c:\users\dmitry\documents\visual studio 2013\projects\apihookmake\apihookmake\apihookmake.cpp(65): warning C4996: 'fscanf': This function or variable may be unsafe. Consider using fscanf_s instead. To disable deprecation, use _CRT_SECURE_NO_WARNINGS. See online help for details.
                 c:\program files (x86)\microsoft visual studio 12.0\vc\include\stdio.h(230): см. объявление "fscanf"
     1>c:\users\dmitry\documents\visual studio 2013\projects\apihookmake\apihookmake\apihookmake.cpp(66): warning C4996: 'fscanf': This function or variable may be unsafe. Consider using fscanf_s instead. To disable deprecation, use _CRT_SECURE_NO_WARNINGS. See online help for details.
                 c:\program files (x86)\microsoft visual studio 12.0\vc\include\stdio.h(230): см. объявление "fscanf"
     1>c:\users\dmitry\documents\visual studio 2013\projects\apihookmake\apihookmake\apihookmake.cpp(75): warning C4996: 'fscanf': This function or variable may be unsafe. Consider using fscanf_s instead. To disable deprecation, use _CRT_SECURE_NO_WARNINGS. See online help for details.
                 c:\program files (x86)\microsoft visual studio 12.0\vc\include\stdio.h(230): см. объявление "fscanf"
     1>c:\users\dmitry\documents\visual studio 2013\projects\apihookmake\apihookmake\apihookmake.cpp(77): warning C4996: 'fscanf': This function or variable may be unsafe. Consider using fscanf_s instead. To disable deprecation, use _CRT_SECURE_NO_WARNINGS. See online help for details.
                 c:\program files (x86)\microsoft visual studio 12.0\vc\include\stdio.h(230): см. объявление "fscanf"
     1>c:\users\dmitry\documents\visual studio 2013\projects\apihookmake\apihookmake\apihookmake.cpp(78): warning C4996: 'fscanf': This function or variable may be unsafe. Consider using fscanf_s instead. To disable deprecation, use _CRT_SECURE_NO_WARNINGS. See online help for details.
                 c:\program files (x86)\microsoft visual studio 12.0\vc\include\stdio.h(230): см. объявление "fscanf"
     1>c:\users\dmitry\documents\visual studio 2013\projects\apihookmake\apihookmake\apihookmake.cpp(80): warning C4996: 'fscanf': This function or variable may be unsafe. Consider using fscanf_s instead. To disable deprecation, use _CRT_SECURE_NO_WARNINGS. See online help for details.
                 c:\program files (x86)\microsoft visual studio 12.0\vc\include\stdio.h(230): см. объявление "fscanf"
     1>c:\users\dmitry\documents\visual studio 2013\projects\apihookmake\apihookmake\apihookmake.cpp(152): warning C4129: {: неизвестная escape-последовательность
     1>c:\users\dmitry\documents\visual studio 2013\projects\apihookmake\apihookmake\apihookmake.cpp(181): warning C4996: '_wfopen': This function or variable may be unsafe. Consider using _wfopen_s instead. To disable deprecation, use _CRT_SECURE_NO_WARNINGS. See online help for details.
                 c:\program files (x86)\microsoft visual studio 12.0\vc\include\stdio.h(590): см. объявление "_wfopen"
     1>c:\users\dmitry\documents\visual studio 2013\projects\apihookmake\apihookmake\apihookmake.cpp(183): warning C4996: '_wfopen': This function or variable may be unsafe. Consider using _wfopen_s instead. To disable deprecation, use _CRT_SECURE_NO_WARNINGS. See online help for details.
                 c:\program files (x86)\microsoft visual studio 12.0\vc\include\stdio.h(590): см. объявление "_wfopen"
     1>c:\users\dmitry\documents\visual studio 2013\projects\apihookmake\apihookmake\apihookmake.cpp(184): warning C4996: '_wfopen': This function or variable may be unsafe. Consider using _wfopen_s instead. To disable deprecation, use _CRT_SECURE_NO_WARNINGS. See online help for details.
                 c:\program files (x86)\microsoft visual studio 12.0\vc\include\stdio.h(590): см. объявление "_wfopen"
     1>c:\users\dmitry\documents\visual studio 2013\projects\apihookmake\apihookmake\apihookmake.cpp(185): warning C4996: '_wfopen': This function or variable may be unsafe. Consider using _wfopen_s instead. To disable deprecation, use _CRT_SECURE_NO_WARNINGS. See online help for details.
                 c:\program files (x86)\microsoft visual studio 12.0\vc\include\stdio.h(590): см. объявление "_wfopen"
     1>c:\users\dmitry\documents\visual studio 2013\projects\apihookmake\apihookmake\apihookmake.cpp(191): warning C4996: 'fcloseall': The POSIX name for this item is deprecated. Instead, use the ISO C++ conformant name: _fcloseall. See online help for details.
                 c:\program files (x86)\microsoft visual studio 12.0\vc\include\stdio.h(715): см. объявление "fcloseall"
     1>c:\users\dmitry\documents\visual studio 2013\projects\apihookmake\apihookmake\apihookmake.cpp(218): warning C4800: BOOL: принудительно задано логическое значение "true" или "false" (предупреждение о производительности)
       Link:
         C:\Program Files (x86)\Microsoft Visual Studio 12.0\VC\bin\link.exe /ERRORREPORT:PROMPT /OUT:"C:\Users\Dmitry\documents\visual studio 2013\Projects\ApiHookMake\Debug\ApiHookMake.exe" /INCREMENTAL /NOLOGO kernel32.lib user32.lib gdi32.lib winspool.lib comdlg32.lib advapi32.lib shell32.lib ole32.lib oleaut32.lib uuid.lib odbc32.lib odbccp32.lib /MANIFEST /MANIFESTUAC:"level='asInvoker' uiAccess='false'" /manifest:embed /DEBUG /PDB:"C:\Users\Dmitry\documents\visual studio 2013\Projects\ApiHookMake\Debug\ApiHookMake.pdb" /SUBSYSTEM:CONSOLE /TLBID:1 /DYNAMICBASE /NXCOMPAT /IMPLIB:"C:\Users\Dmitry\documents\visual studio 2013\Projects\ApiHookMake\Debug\ApiHookMake.lib" /MACHINE:X86 Debug\ApiHookMake.obj
         Debug\stdafx.obj
         ApiHookMake.vcxproj -> C:\Users\Dmitry\documents\visual studio 2013\Projects\ApiHookMake\Debug\ApiHookMake.exe
     1>Сборка проекта "C:\Users\Dmitry\documents\visual studio 2013\Projects\ApiHookMake\ApiHookMake\ApiHookMake.vcxproj" завершена (целевые объекты Build).

Сборка успешно завершена.

Затраченное время: 00:00:01.23
